Warning, useNotchSrg() is deprecated! You should use mappingType instead.Warning, useNotchSrg() is deprecated! You should use mappingType instead.

Warning, useNotchSrg() is deprecated! You should use mappingType instead.Warning, useNotchSrg() is deprecated! You should use mappingType instead.

WARNING: You are using an unsupported version of ForgeGradle.
Please consider upgrading to ForgeGradle 5 and helping in the efforts to get old versions working on the modern toolchain.
See https://gist.github.com/TheCurle/fe7ad3ede188cbdd15c235cc75d52d4a for more info on contributing.
:clean
:deobfCompileDummyTask
:deobfProvidedDummyTask
:sourceApiJava
:compileApiJava UP-TO-DATE
:processApiResources UP-TO-DATE
:apiClasses UP-TO-DATE
:sourceMainJava
:compileJava
:processResources
:classes
:jar
:sourceTestJava
:compileTestJava UP-TO-DATE
:processTestResources UP-TO-DATE
:testClasses UP-TO-DATE
:test UP-TO-DATE
:extractMcpData SKIPPED
:extractMcpMappings SKIPPED
:getVersionJson
:extractUserdev UP-TO-DATE
:genSrgs SKIPPED
:reobfJar
:shadowJar
:reobfShadowJar
:assemble
:check UP-TO-DATE
:build

BUILD SUCCESSFUL

Total time: 22.762 secs
