[16:23:46] [main/INFO] [GradleStart]: Extra: []
[16:23:46] [main/INFO] [GradleStart]: Found and added coremod: net.labymod.core.asm.LabyModCoreMod
[16:23:46] [main/INFO] [GradleStart]: Running with arguments: [--userProperties, {}, --assetsDir, C:/Users/mhoff/.gradle/caches/minecraft/assets, --assetIndex, 1.8, --accessToken{REDACTED}, --version, 1.8.9, --tweakClass, net.minecraftforge.fml.common.launcher.FMLTweaker, --tweakClass, net.minecraftforge.gradle.tweakers.CoremodTweaker]
[16:23:46] [main/INFO] [LaunchWrapper]: Loading tweak class name net.minecraftforge.fml.common.launcher.FMLTweaker
[16:23:46] [main/INFO] [LaunchWrapper]: Using primary tweak class name net.minecraftforge.fml.common.launcher.FMLTweaker
[16:23:46] [main/INFO] [LaunchWrapper]: Loading tweak class name net.minecraftforge.gradle.tweakers.CoremodTweaker
[16:23:46] [main/INFO] [LaunchWrapper]: Calling tweak class net.minecraftforge.fml.common.launcher.FMLTweaker
[16:24:29] [Client thread/INFO] [net.labymod.support.util.CapturePrintStream]: Removed JNDI lookup
[16:24:30] [Client thread/ERROR] [net.labymod.support.util.CapturePrintStream]: catching
org.lwjgl.LWJGLException: Could not create context (WGL_ARB_create_context)
	at org.lwjgl.opengl.WindowsContextImplementation.nCreate(Native Method) ~[lwjgl-2.9.4-nightly-20150209.jar:?]
	at org.lwjgl.opengl.WindowsContextImplementation.create(WindowsContextImplementation.java:50) ~[lwjgl-2.9.4-nightly-20150209.jar:?]
	at org.lwjgl.opengl.ContextGL.<init>(ContextGL.java:132) ~[lwjgl-2.9.4-nightly-20150209.jar:?]
	at org.lwjgl.opengl.DrawableGL.createSharedContext(DrawableGL.java:77) ~[lwjgl-2.9.4-nightly-20150209.jar:?]
	at org.lwjgl.opengl.DrawableGL.createSharedContext(DrawableGL.java:41) ~[lwjgl-2.9.4-nightly-20150209.jar:?]
	at org.lwjgl.opengl.SharedDrawable.<init>(SharedDrawable.java:50) ~[lwjgl-2.9.4-nightly-20150209.jar:?]
	at net.labymod.utils.texture.async.AsyncTextureLoader.<init>(AsyncTextureLoader.java:34) [AsyncTextureLoader.class:?]
	at net.labymod.main.LabyMod.init(LabyMod.java:250) [LabyMod.class:?]
	at sun.reflect.NativeMethodAccessorImpl.invoke0(Native Method) ~[?:1.8.0_362]
	at sun.reflect.NativeMethodAccessorImpl.invoke(NativeMethodAccessorImpl.java:62) ~[?:1.8.0_362]
	at sun.reflect.DelegatingMethodAccessorImpl.invoke(DelegatingMethodAccessorImpl.java:43) ~[?:1.8.0_362]
	at java.lang.reflect.Method.invoke(Method.java:498) ~[?:1.8.0_362]
	at net.minecraftforge.fml.common.FMLModContainer.handleModStateEvent(FMLModContainer.java:560) [FMLModContainer.class:?]
	at sun.reflect.NativeMethodAccessorImpl.invoke0(Native Method) ~[?:1.8.0_362]
	at sun.reflect.NativeMethodAccessorImpl.invoke(NativeMethodAccessorImpl.java:62) ~[?:1.8.0_362]
	at sun.reflect.DelegatingMethodAccessorImpl.invoke(DelegatingMethodAccessorImpl.java:43) ~[?:1.8.0_362]
	at java.lang.reflect.Method.invoke(Method.java:498) ~[?:1.8.0_362]
	at com.google.common.eventbus.EventSubscriber.handleEvent(EventSubscriber.java:74) [guava-17.0.jar:?]
	at com.google.common.eventbus.SynchronizedEventSubscriber.handleEvent(SynchronizedEventSubscriber.java:47) [guava-17.0.jar:?]
	at com.google.common.eventbus.EventBus.dispatch(EventBus.java:322) [guava-17.0.jar:?]
	at com.google.common.eventbus.EventBus.dispatchQueuedEvents(EventBus.java:304) [guava-17.0.jar:?]
	at com.google.common.eventbus.EventBus.post(EventBus.java:275) [guava-17.0.jar:?]
	at net.minecraftforge.fml.common.LoadController.sendEventToModContainer(LoadController.java:211) [LoadController.class:?]
	at net.minecraftforge.fml.common.LoadController.propogateStateMessage(LoadController.java:189) [LoadController.class:?]
	at sun.reflect.NativeMethodAccessorImpl.invoke0(Native Method) ~[?:1.8.0_362]
	at sun.reflect.NativeMethodAccessorImpl.invoke(NativeMethodAccessorImpl.java:62) ~[?:1.8.0_362]
	at sun.reflect.DelegatingMethodAccessorImpl.invoke(DelegatingMethodAccessorImpl.java:43) ~[?:1.8.0_362]
	at java.lang.reflect.Method.invoke(Method.java:498) ~[?:1.8.0_362]
	at com.google.common.eventbus.EventSubscriber.handleEvent(EventSubscriber.java:74) [guava-17.0.jar:?]
	at com.google.common.eventbus.SynchronizedEventSubscriber.handleEvent(SynchronizedEventSubscriber.java:47) [guava-17.0.jar:?]
	at com.google.common.eventbus.EventBus.dispatch(EventBus.java:322) [guava-17.0.jar:?]
	at com.google.common.eventbus.EventBus.dispatchQueuedEvents(EventBus.java:304) [guava-17.0.jar:?]
	at com.google.common.eventbus.EventBus.post(EventBus.java:275) [guava-17.0.jar:?]
	at net.minecraftforge.fml.common.LoadController.distributeStateMessage(LoadController.java:118) [LoadController.class:?]
	at net.minecraftforge.fml.common.Loader.initializeMods(Loader.java:737) [Loader.class:?]
	at net.minecraftforge.fml.client.FMLClientHandler.finishMinecraftLoading(FMLClientHandler.java:310) [FMLClientHandler.class:?]
	at net.minecraft.client.Minecraft.startGame(Minecraft.java:538) [Minecraft.class:?]
	at net.minecraft.client.Minecraft.run(Minecraft.java:364) [Minecraft.class:?]
	at net.minecraft.client.main.Main.main(Main.java:116) [Main.class:?]
	at sun.reflect.NativeMethodAccessorImpl.invoke0(Native Method) ~[?:1.8.0_362]
	at sun.reflect.NativeMethodAccessorImpl.invoke(NativeMethodAccessorImpl.java:62) ~[?:1.8.0_362]
	at sun.reflect.DelegatingMethodAccessorImpl.invoke(DelegatingMethodAccessorImpl.java:43) ~[?:1.8.0_362]
	at java.lang.reflect.Method.invoke(Method.java:498) ~[?:1.8.0_362]
	at net.minecraft.launchwrapper.Launch.launch(Launch.java:135) [launchwrapper-1.12.jar:?]
	at net.minecraft.launchwrapper.Launch.main(Launch.java:28) [launchwrapper-1.12.jar:?]
	at sun.reflect.NativeMethodAccessorImpl.invoke0(Native Method) ~[?:1.8.0_362]
	at sun.reflect.NativeMethodAccessorImpl.invoke(NativeMethodAccessorImpl.java:62) ~[?:1.8.0_362]
	at sun.reflect.DelegatingMethodAccessorImpl.invoke(DelegatingMethodAccessorImpl.java:43) ~[?:1.8.0_362]
	at java.lang.reflect.Method.invoke(Method.java:498) ~[?:1.8.0_362]
	at net.minecraftforge.gradle.GradleStartCommon.launch(GradleStartCommon.java:97) [start/:?]
	at GradleStart.main(GradleStart.java:26) [start/:?]
[16:24:30] [Client thread/ERROR] [net.labymod.support.util.CapturePrintStream]: catching
java.io.FileNotFoundException: C:\Users\mhoff\.jdks\corretto-1.8.0_362\bin;C:\WINDOWS\Sun\Java\bin;C:\WINDOWS\system32;C:\WINDOWS;c:\program files\java\jdk1.8.0_342\bin;c:\program files\amazon corretto\jdk17.0.4_9\bin;c:\program files\amazon corretto\jdk11.0.16_9\bin;c:\program files\amazon corretto\jdk16.0.1_9\bin;c:\program files\amazon corretto\jdk18.0.2_9\bin;c:\program files\amazon corretto\jdk17.0.3_6\bin;c:\program files\amazon corretto\jdk11.0.13_8\bin;c:\program files\amazon corretto\jdk17.0.1_12\bin;c:\program files (x86)\amazon corretto\jdk11.0.12_7\bin;c:\program files\java\jre1.8.0_291;c:\program files (x86)\common files\oracle\java\javapath;c:\windows\system32;c:\windows;c:\windows\system32\wbem;c:\windows\system32\windowspowershell\v1.0\;c:\windows\system32\openssh\;c:\users\mhoff\.m2\apache-maven-3.6.3\bin;"c:\users\mhoff\appdata\local\programs\python\python39;c:\users\mhoff\appdata\local\programs\python\python39\lib\site-packages\;c:\users\mhoff\appdata\local\programs\python\python39\scripts\;";c:\program files\worldpainter;c:\program files\wireguard\;c:\windows\system32;c:\windows;c:\windows\system32\wbem;c:\windows\system32\windowspowershell\v1.0\;c:\windows\system32\openssh\;c:\program files\dotnet\;c:\program files\nvidia corporation\nvidia nvdlisr;c:\program files (x86)\cloudflared\.;c:\metasploit-framework\bin\;c:\program files\go\bin;c:\program files\git\cmd;c:\program files\nodejs\;c:\program files\putty\;c:\program files (x86)\windows kits\10\windows performance toolkit\;c:\program files\docker\docker\resources\bin;c:\program files (x86)\tailscale ipn;C:\Program Files (x86)\NVIDIA Corporation\PhysX\Common;C:\Ruby30-x64\bin;C:\Users\mhoff\AppData\Local\Programs\Python\Python310\Scripts\;C:\Users\mhoff\AppData\Local\Programs\Python\Python310\;C:\Users\mhoff\AppData\Local\Programs\Python\Python39\Scripts\;C:\Users\mhoff\AppData\Local\Programs\Python\Python39\;C:\Users\mhoff\AppData\Local\Microsoft\WindowsApps;C:\Users\mhoff\AppData\Local\Programs\Microsoft VS Code\bin;C:\Users\mhoff\AppData\Local\GitHubDesktop\bin;C:\Program Files (x86)\Nmap;C:\Users\mhoff\AppData\Local\gitkraken\bin;C:\steamcmd;C:\Users\mhoff\AppData\Local\Programs\mongosh\;C:\Program Files\dotnet;C:\Users\mhoff\.dotnet\tools;C:\Users\mhoff\AppData\Local\JetBrains\Toolbox\scripts;B:\flutter\bin;C:\Users\mhoff\go\bin;C:\Users\mhoff\AppData\Local\Microsoft\WinGet\Links;C:\Users\mhoff\AppData\Roaming\npm;C:\Users\mhoff\.dotnet\tools;.;C:\Users\mhoff\.gradle\caches\minecraft\net\minecraft\natives\1.8.9\discordRPC.dll (Syntaksen i filnavnet, mappen eller diskenhedsnavnet er forkert)
	at java.io.FileOutputStream.open0(Native Method) ~[?:1.8.0_362]
	at java.io.FileOutputStream.open(FileOutputStream.java:270) ~[?:1.8.0_362]
	at java.io.FileOutputStream.<init>(FileOutputStream.java:213) ~[?:1.8.0_362]
	at java.io.FileOutputStream.<init>(FileOutputStream.java:162) ~[?:1.8.0_362]
	at net.labymod.discordapp.api.DiscordLibraryProvider.download(DiscordLibraryProvider.java:72) [DiscordLibraryProvider.class:?]
	at net.labymod.discordapp.api.DiscordLibraryProvider.execute(DiscordLibraryProvider.java:64) [DiscordLibraryProvider.class:?]
	at net.labymod.discordapp.DiscordApp.initialize(DiscordApp.java:83) [DiscordApp.class:?]
	at net.labymod.main.LabyMod.init(LabyMod.java:338) [LabyMod.class:?]
	at sun.reflect.NativeMethodAccessorImpl.invoke0(Native Method) ~[?:1.8.0_362]
	at sun.reflect.NativeMethodAccessorImpl.invoke(NativeMethodAccessorImpl.java:62) ~[?:1.8.0_362]
	at sun.reflect.DelegatingMethodAccessorImpl.invoke(DelegatingMethodAccessorImpl.java:43) ~[?:1.8.0_362]
	at java.lang.reflect.Method.invoke(Method.java:498) ~[?:1.8.0_362]
	at net.minecraftforge.fml.common.FMLModContainer.handleModStateEvent(FMLModContainer.java:560) [FMLModContainer.class:?]
	at sun.reflect.NativeMethodAccessorImpl.invoke0(Native Method) ~[?:1.8.0_362]
	at sun.reflect.NativeMethodAccessorImpl.invoke(NativeMethodAccessorImpl.java:62) ~[?:1.8.0_362]
	at sun.reflect.DelegatingMethodAccessorImpl.invoke(DelegatingMethodAccessorImpl.java:43) ~[?:1.8.0_362]
	at java.lang.reflect.Method.invoke(Method.java:498) ~[?:1.8.0_362]
	at com.google.common.eventbus.EventSubscriber.handleEvent(EventSubscriber.java:74) [guava-17.0.jar:?]
	at com.google.common.eventbus.SynchronizedEventSubscriber.handleEvent(SynchronizedEventSubscriber.java:47) [guava-17.0.jar:?]
	at com.google.common.eventbus.EventBus.dispatch(EventBus.java:322) [guava-17.0.jar:?]
	at com.google.common.eventbus.EventBus.dispatchQueuedEvents(EventBus.java:304) [guava-17.0.jar:?]
	at com.google.common.eventbus.EventBus.post(EventBus.java:275) [guava-17.0.jar:?]
	at net.minecraftforge.fml.common.LoadController.sendEventToModContainer(LoadController.java:211) [LoadController.class:?]
	at net.minecraftforge.fml.common.LoadController.propogateStateMessage(LoadController.java:189) [LoadController.class:?]
	at sun.reflect.NativeMethodAccessorImpl.invoke0(Native Method) ~[?:1.8.0_362]
	at sun.reflect.NativeMethodAccessorImpl.invoke(NativeMethodAccessorImpl.java:62) ~[?:1.8.0_362]
	at sun.reflect.DelegatingMethodAccessorImpl.invoke(DelegatingMethodAccessorImpl.java:43) ~[?:1.8.0_362]
	at java.lang.reflect.Method.invoke(Method.java:498) ~[?:1.8.0_362]
	at com.google.common.eventbus.EventSubscriber.handleEvent(EventSubscriber.java:74) [guava-17.0.jar:?]
	at com.google.common.eventbus.SynchronizedEventSubscriber.handleEvent(SynchronizedEventSubscriber.java:47) [guava-17.0.jar:?]
	at com.google.common.eventbus.EventBus.dispatch(EventBus.java:322) [guava-17.0.jar:?]
	at com.google.common.eventbus.EventBus.dispatchQueuedEvents(EventBus.java:304) [guava-17.0.jar:?]
	at com.google.common.eventbus.EventBus.post(EventBus.java:275) [guava-17.0.jar:?]
	at net.minecraftforge.fml.common.LoadController.distributeStateMessage(LoadController.java:118) [LoadController.class:?]
	at net.minecraftforge.fml.common.Loader.initializeMods(Loader.java:737) [Loader.class:?]
	at net.minecraftforge.fml.client.FMLClientHandler.finishMinecraftLoading(FMLClientHandler.java:310) [FMLClientHandler.class:?]
	at net.minecraft.client.Minecraft.startGame(Minecraft.java:538) [Minecraft.class:?]
	at net.minecraft.client.Minecraft.run(Minecraft.java:364) [Minecraft.class:?]
	at net.minecraft.client.main.Main.main(Main.java:116) [Main.class:?]
	at sun.reflect.NativeMethodAccessorImpl.invoke0(Native Method) ~[?:1.8.0_362]
	at sun.reflect.NativeMethodAccessorImpl.invoke(NativeMethodAccessorImpl.java:62) ~[?:1.8.0_362]
	at sun.reflect.DelegatingMethodAccessorImpl.invoke(DelegatingMethodAccessorImpl.java:43) ~[?:1.8.0_362]
	at java.lang.reflect.Method.invoke(Method.java:498) ~[?:1.8.0_362]
	at net.minecraft.launchwrapper.Launch.launch(Launch.java:135) [launchwrapper-1.12.jar:?]
	at net.minecraft.launchwrapper.Launch.main(Launch.java:28) [launchwrapper-1.12.jar:?]
	at sun.reflect.NativeMethodAccessorImpl.invoke0(Native Method) ~[?:1.8.0_362]
	at sun.reflect.NativeMethodAccessorImpl.invoke(NativeMethodAccessorImpl.java:62) ~[?:1.8.0_362]
	at sun.reflect.DelegatingMethodAccessorImpl.invoke(DelegatingMethodAccessorImpl.java:43) ~[?:1.8.0_362]
	at java.lang.reflect.Method.invoke(Method.java:498) ~[?:1.8.0_362]
	at net.minecraftforge.gradle.GradleStartCommon.launch(GradleStartCommon.java:97) [start/:?]
	at GradleStart.main(GradleStart.java:26) [start/:?]
[16:52:23] [main/INFO] [GradleStart]: Extra: []
[16:52:23] [main/INFO] [GradleStart]: Found and added coremod: net.labymod.core.asm.LabyModCoreMod
[16:52:23] [main/INFO] [GradleStart]: Running with arguments: [--userProperties, {}, --assetsDir, C:/Users/mhoff/.gradle/caches/minecraft/assets, --assetIndex, 1.8, --accessToken{REDACTED}, --version, 1.8.9, --tweakClass, net.minecraftforge.fml.common.launcher.FMLTweaker, --tweakClass, net.minecraftforge.gradle.tweakers.CoremodTweaker]
[16:52:23] [main/INFO] [LaunchWrapper]: Loading tweak class name net.minecraftforge.fml.common.launcher.FMLTweaker
[16:52:23] [main/INFO] [LaunchWrapper]: Using primary tweak class name net.minecraftforge.fml.common.launcher.FMLTweaker
[16:52:23] [main/INFO] [LaunchWrapper]: Loading tweak class name net.minecraftforge.gradle.tweakers.CoremodTweaker
[16:52:23] [main/INFO] [LaunchWrapper]: Calling tweak class net.minecraftforge.fml.common.launcher.FMLTweaker
[16:52:49] [Client thread/INFO] [net.labymod.support.util.CapturePrintStream]: Removed JNDI lookup
[16:52:50] [Client thread/ERROR] [net.labymod.support.util.CapturePrintStream]: catching
org.lwjgl.LWJGLException: Could not create context (WGL_ARB_create_context)
	at org.lwjgl.opengl.WindowsContextImplementation.nCreate(Native Method) ~[lwjgl-2.9.4-nightly-20150209.jar:?]
	at org.lwjgl.opengl.WindowsContextImplementation.create(WindowsContextImplementation.java:50) ~[lwjgl-2.9.4-nightly-20150209.jar:?]
	at org.lwjgl.opengl.ContextGL.<init>(ContextGL.java:132) ~[lwjgl-2.9.4-nightly-20150209.jar:?]
	at org.lwjgl.opengl.DrawableGL.createSharedContext(DrawableGL.java:77) ~[lwjgl-2.9.4-nightly-20150209.jar:?]
	at org.lwjgl.opengl.DrawableGL.createSharedContext(DrawableGL.java:41) ~[lwjgl-2.9.4-nightly-20150209.jar:?]
	at org.lwjgl.opengl.SharedDrawable.<init>(SharedDrawable.java:50) ~[lwjgl-2.9.4-nightly-20150209.jar:?]
	at net.labymod.utils.texture.async.AsyncTextureLoader.<init>(AsyncTextureLoader.java:34) [AsyncTextureLoader.class:?]
	at net.labymod.main.LabyMod.init(LabyMod.java:250) [LabyMod.class:?]
	at sun.reflect.NativeMethodAccessorImpl.invoke0(Native Method) ~[?:1.8.0_362]
	at sun.reflect.NativeMethodAccessorImpl.invoke(NativeMethodAccessorImpl.java:62) ~[?:1.8.0_362]
	at sun.reflect.DelegatingMethodAccessorImpl.invoke(DelegatingMethodAccessorImpl.java:43) ~[?:1.8.0_362]
	at java.lang.reflect.Method.invoke(Method.java:498) ~[?:1.8.0_362]
	at net.minecraftforge.fml.common.FMLModContainer.handleModStateEvent(FMLModContainer.java:560) [FMLModContainer.class:?]
	at sun.reflect.NativeMethodAccessorImpl.invoke0(Native Method) ~[?:1.8.0_362]
	at sun.reflect.NativeMethodAccessorImpl.invoke(NativeMethodAccessorImpl.java:62) ~[?:1.8.0_362]
	at sun.reflect.DelegatingMethodAccessorImpl.invoke(DelegatingMethodAccessorImpl.java:43) ~[?:1.8.0_362]
	at java.lang.reflect.Method.invoke(Method.java:498) ~[?:1.8.0_362]
	at com.google.common.eventbus.EventSubscriber.handleEvent(EventSubscriber.java:74) [guava-17.0.jar:?]
	at com.google.common.eventbus.SynchronizedEventSubscriber.handleEvent(SynchronizedEventSubscriber.java:47) [guava-17.0.jar:?]
	at com.google.common.eventbus.EventBus.dispatch(EventBus.java:322) [guava-17.0.jar:?]
	at com.google.common.eventbus.EventBus.dispatchQueuedEvents(EventBus.java:304) [guava-17.0.jar:?]
	at com.google.common.eventbus.EventBus.post(EventBus.java:275) [guava-17.0.jar:?]
	at net.minecraftforge.fml.common.LoadController.sendEventToModContainer(LoadController.java:211) [LoadController.class:?]
	at net.minecraftforge.fml.common.LoadController.propogateStateMessage(LoadController.java:189) [LoadController.class:?]
	at sun.reflect.NativeMethodAccessorImpl.invoke0(Native Method) ~[?:1.8.0_362]
	at sun.reflect.NativeMethodAccessorImpl.invoke(NativeMethodAccessorImpl.java:62) ~[?:1.8.0_362]
	at sun.reflect.DelegatingMethodAccessorImpl.invoke(DelegatingMethodAccessorImpl.java:43) ~[?:1.8.0_362]
	at java.lang.reflect.Method.invoke(Method.java:498) ~[?:1.8.0_362]
	at com.google.common.eventbus.EventSubscriber.handleEvent(EventSubscriber.java:74) [guava-17.0.jar:?]
	at com.google.common.eventbus.SynchronizedEventSubscriber.handleEvent(SynchronizedEventSubscriber.java:47) [guava-17.0.jar:?]
	at com.google.common.eventbus.EventBus.dispatch(EventBus.java:322) [guava-17.0.jar:?]
	at com.google.common.eventbus.EventBus.dispatchQueuedEvents(EventBus.java:304) [guava-17.0.jar:?]
	at com.google.common.eventbus.EventBus.post(EventBus.java:275) [guava-17.0.jar:?]
	at net.minecraftforge.fml.common.LoadController.distributeStateMessage(LoadController.java:118) [LoadController.class:?]
	at net.minecraftforge.fml.common.Loader.initializeMods(Loader.java:737) [Loader.class:?]
	at net.minecraftforge.fml.client.FMLClientHandler.finishMinecraftLoading(FMLClientHandler.java:310) [FMLClientHandler.class:?]
	at net.minecraft.client.Minecraft.startGame(Minecraft.java:538) [Minecraft.class:?]
	at net.minecraft.client.Minecraft.run(Minecraft.java:364) [Minecraft.class:?]
	at net.minecraft.client.main.Main.main(Main.java:116) [Main.class:?]
	at sun.reflect.NativeMethodAccessorImpl.invoke0(Native Method) ~[?:1.8.0_362]
	at sun.reflect.NativeMethodAccessorImpl.invoke(NativeMethodAccessorImpl.java:62) ~[?:1.8.0_362]
	at sun.reflect.DelegatingMethodAccessorImpl.invoke(DelegatingMethodAccessorImpl.java:43) ~[?:1.8.0_362]
	at java.lang.reflect.Method.invoke(Method.java:498) ~[?:1.8.0_362]
	at net.minecraft.launchwrapper.Launch.launch(Launch.java:135) [launchwrapper-1.12.jar:?]
	at net.minecraft.launchwrapper.Launch.main(Launch.java:28) [launchwrapper-1.12.jar:?]
	at sun.reflect.NativeMethodAccessorImpl.invoke0(Native Method) ~[?:1.8.0_362]
	at sun.reflect.NativeMethodAccessorImpl.invoke(NativeMethodAccessorImpl.java:62) ~[?:1.8.0_362]
	at sun.reflect.DelegatingMethodAccessorImpl.invoke(DelegatingMethodAccessorImpl.java:43) ~[?:1.8.0_362]
	at java.lang.reflect.Method.invoke(Method.java:498) ~[?:1.8.0_362]
	at net.minecraftforge.gradle.GradleStartCommon.launch(GradleStartCommon.java:97) [start/:?]
	at GradleStart.main(GradleStart.java:26) [start/:?]
[16:52:51] [Client thread/ERROR] [net.labymod.support.util.CapturePrintStream]: catching
java.io.FileNotFoundException: C:\Users\mhoff\.jdks\corretto-1.8.0_362\bin;C:\WINDOWS\Sun\Java\bin;C:\WINDOWS\system32;C:\WINDOWS;c:\program files\java\jdk1.8.0_342\bin;c:\program files\amazon corretto\jdk17.0.4_9\bin;c:\program files\amazon corretto\jdk11.0.16_9\bin;c:\program files\amazon corretto\jdk16.0.1_9\bin;c:\program files\amazon corretto\jdk18.0.2_9\bin;c:\program files\amazon corretto\jdk17.0.3_6\bin;c:\program files\amazon corretto\jdk11.0.13_8\bin;c:\program files\amazon corretto\jdk17.0.1_12\bin;c:\program files (x86)\amazon corretto\jdk11.0.12_7\bin;c:\program files\java\jre1.8.0_291;c:\program files (x86)\common files\oracle\java\javapath;c:\windows\system32;c:\windows;c:\windows\system32\wbem;c:\windows\system32\windowspowershell\v1.0\;c:\windows\system32\openssh\;c:\users\mhoff\.m2\apache-maven-3.6.3\bin;"c:\users\mhoff\appdata\local\programs\python\python39;c:\users\mhoff\appdata\local\programs\python\python39\lib\site-packages\;c:\users\mhoff\appdata\local\programs\python\python39\scripts\;";c:\program files\worldpainter;c:\program files\wireguard\;c:\windows\system32;c:\windows;c:\windows\system32\wbem;c:\windows\system32\windowspowershell\v1.0\;c:\windows\system32\openssh\;c:\program files\dotnet\;c:\program files\nvidia corporation\nvidia nvdlisr;c:\program files (x86)\cloudflared\.;c:\metasploit-framework\bin\;c:\program files\go\bin;c:\program files\git\cmd;c:\program files\nodejs\;c:\program files\putty\;c:\program files (x86)\windows kits\10\windows performance toolkit\;c:\program files\docker\docker\resources\bin;c:\program files (x86)\tailscale ipn;C:\Program Files (x86)\NVIDIA Corporation\PhysX\Common;C:\Ruby30-x64\bin;C:\Users\mhoff\AppData\Local\Programs\Python\Python310\Scripts\;C:\Users\mhoff\AppData\Local\Programs\Python\Python310\;C:\Users\mhoff\AppData\Local\Programs\Python\Python39\Scripts\;C:\Users\mhoff\AppData\Local\Programs\Python\Python39\;C:\Users\mhoff\AppData\Local\Microsoft\WindowsApps;C:\Users\mhoff\AppData\Local\Programs\Microsoft VS Code\bin;C:\Users\mhoff\AppData\Local\GitHubDesktop\bin;C:\Program Files (x86)\Nmap;C:\Users\mhoff\AppData\Local\gitkraken\bin;C:\steamcmd;C:\Users\mhoff\AppData\Local\Programs\mongosh\;C:\Program Files\dotnet;C:\Users\mhoff\.dotnet\tools;C:\Users\mhoff\AppData\Local\JetBrains\Toolbox\scripts;B:\flutter\bin;C:\Users\mhoff\go\bin;C:\Users\mhoff\AppData\Local\Microsoft\WinGet\Links;C:\Users\mhoff\AppData\Roaming\npm;C:\Users\mhoff\.dotnet\tools;.;C:\Users\mhoff\.gradle\caches\minecraft\net\minecraft\natives\1.8.9\discordRPC.dll (Syntaksen i filnavnet, mappen eller diskenhedsnavnet er forkert)
	at java.io.FileOutputStream.open0(Native Method) ~[?:1.8.0_362]
	at java.io.FileOutputStream.open(FileOutputStream.java:270) ~[?:1.8.0_362]
	at java.io.FileOutputStream.<init>(FileOutputStream.java:213) ~[?:1.8.0_362]
	at java.io.FileOutputStream.<init>(FileOutputStream.java:162) ~[?:1.8.0_362]
	at net.labymod.discordapp.api.DiscordLibraryProvider.download(DiscordLibraryProvider.java:72) [DiscordLibraryProvider.class:?]
	at net.labymod.discordapp.api.DiscordLibraryProvider.execute(DiscordLibraryProvider.java:64) [DiscordLibraryProvider.class:?]
	at net.labymod.discordapp.DiscordApp.initialize(DiscordApp.java:83) [DiscordApp.class:?]
	at net.labymod.main.LabyMod.init(LabyMod.java:338) [LabyMod.class:?]
	at sun.reflect.NativeMethodAccessorImpl.invoke0(Native Method) ~[?:1.8.0_362]
	at sun.reflect.NativeMethodAccessorImpl.invoke(NativeMethodAccessorImpl.java:62) ~[?:1.8.0_362]
	at sun.reflect.DelegatingMethodAccessorImpl.invoke(DelegatingMethodAccessorImpl.java:43) ~[?:1.8.0_362]
	at java.lang.reflect.Method.invoke(Method.java:498) ~[?:1.8.0_362]
	at net.minecraftforge.fml.common.FMLModContainer.handleModStateEvent(FMLModContainer.java:560) [FMLModContainer.class:?]
	at sun.reflect.NativeMethodAccessorImpl.invoke0(Native Method) ~[?:1.8.0_362]
	at sun.reflect.NativeMethodAccessorImpl.invoke(NativeMethodAccessorImpl.java:62) ~[?:1.8.0_362]
	at sun.reflect.DelegatingMethodAccessorImpl.invoke(DelegatingMethodAccessorImpl.java:43) ~[?:1.8.0_362]
	at java.lang.reflect.Method.invoke(Method.java:498) ~[?:1.8.0_362]
	at com.google.common.eventbus.EventSubscriber.handleEvent(EventSubscriber.java:74) [guava-17.0.jar:?]
	at com.google.common.eventbus.SynchronizedEventSubscriber.handleEvent(SynchronizedEventSubscriber.java:47) [guava-17.0.jar:?]
	at com.google.common.eventbus.EventBus.dispatch(EventBus.java:322) [guava-17.0.jar:?]
	at com.google.common.eventbus.EventBus.dispatchQueuedEvents(EventBus.java:304) [guava-17.0.jar:?]
	at com.google.common.eventbus.EventBus.post(EventBus.java:275) [guava-17.0.jar:?]
	at net.minecraftforge.fml.common.LoadController.sendEventToModContainer(LoadController.java:211) [LoadController.class:?]
	at net.minecraftforge.fml.common.LoadController.propogateStateMessage(LoadController.java:189) [LoadController.class:?]
	at sun.reflect.NativeMethodAccessorImpl.invoke0(Native Method) ~[?:1.8.0_362]
	at sun.reflect.NativeMethodAccessorImpl.invoke(NativeMethodAccessorImpl.java:62) ~[?:1.8.0_362]
	at sun.reflect.DelegatingMethodAccessorImpl.invoke(DelegatingMethodAccessorImpl.java:43) ~[?:1.8.0_362]
	at java.lang.reflect.Method.invoke(Method.java:498) ~[?:1.8.0_362]
	at com.google.common.eventbus.EventSubscriber.handleEvent(EventSubscriber.java:74) [guava-17.0.jar:?]
	at com.google.common.eventbus.SynchronizedEventSubscriber.handleEvent(SynchronizedEventSubscriber.java:47) [guava-17.0.jar:?]
	at com.google.common.eventbus.EventBus.dispatch(EventBus.java:322) [guava-17.0.jar:?]
	at com.google.common.eventbus.EventBus.dispatchQueuedEvents(EventBus.java:304) [guava-17.0.jar:?]
	at com.google.common.eventbus.EventBus.post(EventBus.java:275) [guava-17.0.jar:?]
	at net.minecraftforge.fml.common.LoadController.distributeStateMessage(LoadController.java:118) [LoadController.class:?]
	at net.minecraftforge.fml.common.Loader.initializeMods(Loader.java:737) [Loader.class:?]
	at net.minecraftforge.fml.client.FMLClientHandler.finishMinecraftLoading(FMLClientHandler.java:310) [FMLClientHandler.class:?]
	at net.minecraft.client.Minecraft.startGame(Minecraft.java:538) [Minecraft.class:?]
	at net.minecraft.client.Minecraft.run(Minecraft.java:364) [Minecraft.class:?]
	at net.minecraft.client.main.Main.main(Main.java:116) [Main.class:?]
	at sun.reflect.NativeMethodAccessorImpl.invoke0(Native Method) ~[?:1.8.0_362]
	at sun.reflect.NativeMethodAccessorImpl.invoke(NativeMethodAccessorImpl.java:62) ~[?:1.8.0_362]
	at sun.reflect.DelegatingMethodAccessorImpl.invoke(DelegatingMethodAccessorImpl.java:43) ~[?:1.8.0_362]
	at java.lang.reflect.Method.invoke(Method.java:498) ~[?:1.8.0_362]
	at net.minecraft.launchwrapper.Launch.launch(Launch.java:135) [launchwrapper-1.12.jar:?]
	at net.minecraft.launchwrapper.Launch.main(Launch.java:28) [launchwrapper-1.12.jar:?]
	at sun.reflect.NativeMethodAccessorImpl.invoke0(Native Method) ~[?:1.8.0_362]
	at sun.reflect.NativeMethodAccessorImpl.invoke(NativeMethodAccessorImpl.java:62) ~[?:1.8.0_362]
	at sun.reflect.DelegatingMethodAccessorImpl.invoke(DelegatingMethodAccessorImpl.java:43) ~[?:1.8.0_362]
	at java.lang.reflect.Method.invoke(Method.java:498) ~[?:1.8.0_362]
	at net.minecraftforge.gradle.GradleStartCommon.launch(GradleStartCommon.java:97) [start/:?]
	at GradleStart.main(GradleStart.java:26) [start/:?]
