[16:52:34] [Client thread/INFO]: LWJGL Version: 2.9.4
[16:52:40] [Client thread/INFO]: Reloading ResourceManager: Default, FMLFileResourcePack:Forge Mod Loader, FMLFileResourcePack:Minecraft Forge, FMLFileResourcePack:LabyMod
[16:52:41] [Sound Library Loader/INFO]: Starting up SoundSystem...
[16:52:41] [Thread-9/INFO]: Initializing LWJGL OpenAL
[16:52:41] [Thread-9/INFO]: (The LWJGL binding of OpenAL.  For more information, see http://www.lwjgl.org)
[16:52:41] [Thread-9/INFO]: OpenAL initialized.
[16:52:41] [Sound Library Loader/INFO]: Sound engine started
[16:52:48] [Client thread/INFO]: Created: 16x16 textures-atlas
[16:52:51] [Client thread/INFO]: Reloading ResourceManager: Default, FMLFileResourcePack:Forge Mod Loader, FMLFileResourcePack:Minecraft Forge, FMLFileResourcePack:LabyMod
[16:52:51] [Client thread/INFO]: SoundSystem shutting down...
[16:52:52] [Client thread/WARN]: Author: Paul Lamb, www.paulscode.com
[16:52:52] [Sound Library Loader/INFO]: Starting up SoundSystem...
[16:52:52] [Thread-12/INFO]: Initializing LWJGL OpenAL
[16:52:52] [Thread-12/INFO]: (The LWJGL binding of OpenAL.  For more information, see http://www.lwjgl.org)
[16:52:52] [Thread-12/INFO]: OpenAL initialized.
[16:52:52] [Sound Library Loader/INFO]: Sound engine started
[16:52:59] [Client thread/INFO]: Created: 512x512 textures-atlas
[16:53:41] [Client thread/INFO]: Stopping!
[16:53:41] [Client thread/INFO]: SoundSystem shutting down...
[16:53:41] [Client thread/WARN]: Author: Paul Lamb, www.paulscode.com
